{"C:\\Users\\andra\\Desktop\\Proyectos\\React JS\\pokegame-clone\\src\\App.jsx": {"path":"C:\\Users\\andra\\Desktop\\Proyectos\\React JS\\pokegame-clone\\src\\App.jsx","statementMap":{"0":{"start":{"line":4,"column":2},"end":{"line":8,"column":4}}},"fnMap":{"0":{"name":"App","decl":{"start":{"line":3,"column":9},"end":{"line":3,"column":12}},"loc":{"start":{"line":3,"column":15},"end":{"line":9,"column":1}},"line":3}},"branchMap":{},"s":{"0":0},"f":{"0":0},"b":{}}
,"C:\\Users\\andra\\Desktop\\Proyectos\\React JS\\pokegame-clone\\src\\main.jsx": {"path":"C:\\Users\\andra\\Desktop\\Proyectos\\React JS\\pokegame-clone\\src\\main.jsx","statementMap":{"0":{"start":{"line":7,"column":0},"end":{"line":11,"column":1}}},"fnMap":{},"branchMap":{},"s":{"0":0},"f":{},"b":{}}
,"C:\\Users\\andra\\Desktop\\Proyectos\\React JS\\pokegame-clone\\src\\features\\PokemonGame\\PokemonGame.jsx": {"path":"C:\\Users\\andra\\Desktop\\Proyectos\\React JS\\pokegame-clone\\src\\features\\PokemonGame\\PokemonGame.jsx","statementMap":{"0":{"start":{"line":6,"column":27},"end":{"line":69,"column":1}},"1":{"start":{"line":16,"column":8},"end":{"line":16,"column":24}},"2":{"start":{"line":18,"column":22},"end":{"line":18,"column":64}},"3":{"start":{"line":20,"column":4},"end":{"line":68,"column":6}},"4":{"start":{"line":42,"column":24},"end":{"line":50,"column":26}}},"fnMap":{"0":{"name":"(anonymous_0)","decl":{"start":{"line":6,"column":27},"end":{"line":6,"column":28}},"loc":{"start":{"line":6,"column":33},"end":{"line":69,"column":1}},"line":6},"1":{"name":"(anonymous_1)","decl":{"start":{"line":41,"column":33},"end":{"line":41,"column":34}},"loc":{"start":{"line":42,"column":24},"end":{"line":50,"column":26}},"line":42}},"branchMap":{"0":{"loc":{"start":{"line":18,"column":22},"end":{"line":18,"column":64}},"type":"binary-expr","locations":[{"start":{"line":18,"column":22},"end":{"line":18,"column":45}},{"start":{"line":18,"column":49},"end":{"line":18,"column":64}}],"line":18},"1":{"loc":{"start":{"line":24,"column":42},"end":{"line":24,"column":70}},"type":"binary-expr","locations":[{"start":{"line":24,"column":42},"end":{"line":24,"column":57}},{"start":{"line":24,"column":61},"end":{"line":24,"column":70}}],"line":24},"2":{"loc":{"start":{"line":27,"column":65},"end":{"line":27,"column":123}},"type":"cond-expr","locations":[{"start":{"line":27,"column":96},"end":{"line":27,"column":107}},{"start":{"line":27,"column":110},"end":{"line":27,"column":123}}],"line":27},"3":{"loc":{"start":{"line":27,"column":65},"end":{"line":27,"column":93}},"type":"binary-expr","locations":[{"start":{"line":27,"column":65},"end":{"line":27,"column":80}},{"start":{"line":27,"column":84},"end":{"line":27,"column":93}}],"line":27},"4":{"loc":{"start":{"line":54,"column":17},"end":{"line":65,"column":17}},"type":"binary-expr","locations":[{"start":{"line":54,"column":17},"end":{"line":54,"column":41}},{"start":{"line":55,"column":20},"end":{"line":62,"column":29}}],"line":54}},"s":{"0":0,"1":0,"2":0,"3":0,"4":0},"f":{"0":0,"1":0},"b":{"0":[0,0],"1":[0,0],"2":[0,0],"3":[0,0],"4":[0,0]}}
,"C:\\Users\\andra\\Desktop\\Proyectos\\React JS\\pokegame-clone\\src\\features\\PokemonGame\\api\\pokemonApi.js": {"path":"C:\\Users\\andra\\Desktop\\Proyectos\\React JS\\pokegame-clone\\src\\features\\PokemonGame\\api\\pokemonApi.js","statementMap":{"0":{"start":{"line":6,"column":32},"end":{"line":9,"column":1}},"1":{"start":{"line":7,"column":19},"end":{"line":7,"column":53}},"2":{"start":{"line":8,"column":2},"end":{"line":8,"column":23}},"3":{"start":{"line":16,"column":35},"end":{"line":18,"column":1}},"4":{"start":{"line":17,"column":2},"end":{"line":17,"column":117}}},"fnMap":{"0":{"name":"(anonymous_0)","decl":{"start":{"line":6,"column":32},"end":{"line":6,"column":33}},"loc":{"start":{"line":6,"column":46},"end":{"line":9,"column":1}},"line":6},"1":{"name":"(anonymous_1)","decl":{"start":{"line":16,"column":35},"end":{"line":16,"column":36}},"loc":{"start":{"line":16,"column":43},"end":{"line":18,"column":1}},"line":16}},"branchMap":{},"s":{"0":1,"1":1,"2":1,"3":1,"4":1},"f":{"0":1,"1":1},"b":{},"_coverageSchema":"1a1c01bbd47fc00a2c39e90264f33305004495a9","hash":"c5cb4996b2237caf926c2487d26f0872887c7f20"}
,"C:\\Users\\andra\\Desktop\\Proyectos\\React JS\\pokegame-clone\\src\\features\\PokemonGame\\components\\OptionButton.jsx": {"path":"C:\\Users\\andra\\Desktop\\Proyectos\\React JS\\pokegame-clone\\src\\features\\PokemonGame\\components\\OptionButton.jsx","statementMap":{"0":{"start":{"line":3,"column":28},"end":{"line":31,"column":1}},"1":{"start":{"line":13,"column":20},"end":{"line":13,"column":35}},"2":{"start":{"line":15,"column":2},"end":{"line":20,"column":3}},"3":{"start":{"line":16,"column":4},"end":{"line":17,"column":49}},"4":{"start":{"line":16,"column":19},"end":{"line":16,"column":45}},"5":{"start":{"line":17,"column":9},"end":{"line":17,"column":49}},"6":{"start":{"line":17,"column":25},"end":{"line":17,"column":49}},"7":{"start":{"line":18,"column":9},"end":{"line":20,"column":3}},"8":{"start":{"line":19,"column":4},"end":{"line":19,"column":31}},"9":{"start":{"line":22,"column":2},"end":{"line":30,"column":4}},"10":{"start":{"line":24,"column":21},"end":{"line":24,"column":34}}},"fnMap":{"0":{"name":"(anonymous_0)","decl":{"start":{"line":3,"column":28},"end":{"line":3,"column":29}},"loc":{"start":{"line":10,"column":6},"end":{"line":31,"column":1}},"line":10},"1":{"name":"(anonymous_1)","decl":{"start":{"line":24,"column":15},"end":{"line":24,"column":16}},"loc":{"start":{"line":24,"column":21},"end":{"line":24,"column":34}},"line":24}},"branchMap":{"0":{"loc":{"start":{"line":15,"column":2},"end":{"line":20,"column":3}},"type":"if","locations":[{"start":{"line":15,"column":2},"end":{"line":20,"column":3}},{"start":{"line":18,"column":9},"end":{"line":20,"column":3}}],"line":15},"1":{"loc":{"start":{"line":16,"column":4},"end":{"line":17,"column":49}},"type":"if","locations":[{"start":{"line":16,"column":4},"end":{"line":17,"column":49}},{"start":{"line":17,"column":9},"end":{"line":17,"column":49}}],"line":16},"2":{"loc":{"start":{"line":17,"column":9},"end":{"line":17,"column":49}},"type":"if","locations":[{"start":{"line":17,"column":9},"end":{"line":17,"column":49}},{"start":{},"end":{}}],"line":17},"3":{"loc":{"start":{"line":18,"column":9},"end":{"line":20,"column":3}},"type":"if","locations":[{"start":{"line":18,"column":9},"end":{"line":20,"column":3}},{"start":{},"end":{}}],"line":18},"4":{"loc":{"start":{"line":25,"column":16},"end":{"line":25,"column":38}},"type":"binary-expr","locations":[{"start":{"line":25,"column":16},"end":{"line":25,"column":24}},{"start":{"line":25,"column":28},"end":{"line":25,"column":38}}],"line":25}},"s":{"0":0,"1":0,"2":0,"3":0,"4":0,"5":0,"6":0,"7":0,"8":0,"9":0,"10":0},"f":{"0":0,"1":0},"b":{"0":[0,0],"1":[0,0],"2":[0,0],"3":[0,0],"4":[0,0]}}
,"C:\\Users\\andra\\Desktop\\Proyectos\\React JS\\pokegame-clone\\src\\features\\PokemonGame\\components\\PokemonImage.jsx": {"path":"C:\\Users\\andra\\Desktop\\Proyectos\\React JS\\pokegame-clone\\src\\features\\PokemonGame\\components\\PokemonImage.jsx","statementMap":{"0":{"start":{"line":4,"column":28},"end":{"line":53,"column":1}},"1":{"start":{"line":5,"column":19},"end":{"line":5,"column":31}},"2":{"start":{"line":6,"column":38},"end":{"line":6,"column":56}},"3":{"start":{"line":9,"column":2},"end":{"line":24,"column":17}},"4":{"start":{"line":10,"column":4},"end":{"line":10,"column":28}},"5":{"start":{"line":11,"column":4},"end":{"line":23,"column":5}},"6":{"start":{"line":12,"column":6},"end":{"line":22,"column":8}},"7":{"start":{"line":26,"column":22},"end":{"line":28,"column":3}},"8":{"start":{"line":27,"column":4},"end":{"line":27,"column":73}},"9":{"start":{"line":27,"column":41},"end":{"line":27,"column":73}},"10":{"start":{"line":31,"column":2},"end":{"line":37,"column":18}},"11":{"start":{"line":32,"column":4},"end":{"line":36,"column":7}},"12":{"start":{"line":39,"column":2},"end":{"line":39,"column":29}},"13":{"start":{"line":39,"column":17},"end":{"line":39,"column":29}},"14":{"start":{"line":41,"column":2},"end":{"line":52,"column":4}}},"fnMap":{"0":{"name":"(anonymous_0)","decl":{"start":{"line":4,"column":28},"end":{"line":4,"column":29}},"loc":{"start":{"line":4,"column":75},"end":{"line":53,"column":1}},"line":4},"1":{"name":"(anonymous_1)","decl":{"start":{"line":9,"column":12},"end":{"line":9,"column":13}},"loc":{"start":{"line":9,"column":18},"end":{"line":24,"column":3}},"line":9},"2":{"name":"(anonymous_2)","decl":{"start":{"line":26,"column":22},"end":{"line":26,"column":23}},"loc":{"start":{"line":26,"column":28},"end":{"line":28,"column":3}},"line":26},"3":{"name":"(anonymous_3)","decl":{"start":{"line":31,"column":12},"end":{"line":31,"column":13}},"loc":{"start":{"line":31,"column":18},"end":{"line":37,"column":3}},"line":31}},"branchMap":{"0":{"loc":{"start":{"line":11,"column":4},"end":{"line":23,"column":5}},"type":"if","locations":[{"start":{"line":11,"column":4},"end":{"line":23,"column":5}},{"start":{},"end":{}}],"line":11},"1":{"loc":{"start":{"line":27,"column":4},"end":{"line":27,"column":73}},"type":"if","locations":[{"start":{"line":27,"column":4},"end":{"line":27,"column":73}},{"start":{},"end":{}}],"line":27},"2":{"loc":{"start":{"line":33,"column":14},"end":{"line":33,"column":73}},"type":"cond-expr","locations":[{"start":{"line":33,"column":40},"end":{"line":33,"column":55}},{"start":{"line":33,"column":58},"end":{"line":33,"column":73}}],"line":33},"3":{"loc":{"start":{"line":39,"column":2},"end":{"line":39,"column":29}},"type":"if","locations":[{"start":{"line":39,"column":2},"end":{"line":39,"column":29}},{"start":{},"end":{}}],"line":39}},"s":{"0":0,"1":0,"2":0,"3":0,"4":0,"5":0,"6":0,"7":0,"8":0,"9":0,"10":0,"11":0,"12":0,"13":0,"14":0},"f":{"0":0,"1":0,"2":0,"3":0},"b":{"0":[0,0],"1":[0,0],"2":[0,0],"3":[0,0]}}
,"C:\\Users\\andra\\Desktop\\Proyectos\\React JS\\pokegame-clone\\src\\features\\PokemonGame\\components\\PokemonTransition.jsx": {"path":"C:\\Users\\andra\\Desktop\\Proyectos\\React JS\\pokegame-clone\\src\\features\\PokemonGame\\components\\PokemonTransition.jsx","statementMap":{"0":{"start":{"line":5,"column":33},"end":{"line":40,"column":1}},"1":{"start":{"line":6,"column":22},"end":{"line":6,"column":34}},"2":{"start":{"line":7,"column":23},"end":{"line":7,"column":35}},"3":{"start":{"line":10,"column":2},"end":{"line":24,"column":18}},"4":{"start":{"line":11,"column":4},"end":{"line":23,"column":5}},"5":{"start":{"line":12,"column":6},"end":{"line":12,"column":67}},"6":{"start":{"line":13,"column":6},"end":{"line":18,"column":9}},"7":{"start":{"line":20,"column":6},"end":{"line":20,"column":67}},"8":{"start":{"line":21,"column":6},"end":{"line":21,"column":45}},"9":{"start":{"line":22,"column":6},"end":{"line":22,"column":53}},"10":{"start":{"line":27,"column":2},"end":{"line":39,"column":4}}},"fnMap":{"0":{"name":"(anonymous_0)","decl":{"start":{"line":5,"column":33},"end":{"line":5,"column":34}},"loc":{"start":{"line":5,"column":52},"end":{"line":40,"column":1}},"line":5},"1":{"name":"(anonymous_1)","decl":{"start":{"line":10,"column":12},"end":{"line":10,"column":13}},"loc":{"start":{"line":10,"column":18},"end":{"line":24,"column":3}},"line":10}},"branchMap":{"0":{"loc":{"start":{"line":11,"column":4},"end":{"line":23,"column":5}},"type":"if","locations":[{"start":{"line":11,"column":4},"end":{"line":23,"column":5}},{"start":{"line":19,"column":11},"end":{"line":23,"column":5}}],"line":11}},"s":{"0":0,"1":0,"2":0,"3":0,"4":0,"5":0,"6":0,"7":0,"8":0,"9":0,"10":0},"f":{"0":0,"1":0},"b":{"0":[0,0]}}
,"C:\\Users\\andra\\Desktop\\Proyectos\\React JS\\pokegame-clone\\src\\features\\PokemonGame\\hooks\\usePokemonGame.js": {"path":"C:\\Users\\andra\\Desktop\\Proyectos\\React JS\\pokegame-clone\\src\\features\\PokemonGame\\hooks\\usePokemonGame.js","statementMap":{"0":{"start":{"line":8,"column":23},"end":{"line":8,"column":26}},"1":{"start":{"line":9,"column":28},"end":{"line":9,"column":32}},"2":{"start":{"line":11,"column":30},"end":{"line":111,"column":1}},"3":{"start":{"line":12,"column":46},"end":{"line":12,"column":60}},"4":{"start":{"line":13,"column":32},"end":{"line":13,"column":44}},"5":{"start":{"line":14,"column":36},"end":{"line":14,"column":55}},"6":{"start":{"line":15,"column":48},"end":{"line":15,"column":63}},"7":{"start":{"line":16,"column":46},"end":{"line":16,"column":60}},"8":{"start":{"line":17,"column":44},"end":{"line":17,"column":58}},"9":{"start":{"line":20,"column":28},"end":{"line":26,"column":3}},"10":{"start":{"line":21,"column":16},"end":{"line":21,"column":25}},"11":{"start":{"line":22,"column":4},"end":{"line":24,"column":5}},"12":{"start":{"line":23,"column":6},"end":{"line":23,"column":62}},"13":{"start":{"line":25,"column":4},"end":{"line":25,"column":27}},"14":{"start":{"line":29,"column":24},"end":{"line":64,"column":8}},"15":{"start":{"line":31,"column":4},"end":{"line":31,"column":29}},"16":{"start":{"line":32,"column":4},"end":{"line":32,"column":28}},"17":{"start":{"line":33,"column":4},"end":{"line":33,"column":27}},"18":{"start":{"line":36,"column":4},"end":{"line":63,"column":28}},"19":{"start":{"line":37,"column":6},"end":{"line":62,"column":7}},"20":{"start":{"line":38,"column":26},"end":{"line":38,"column":45}},"21":{"start":{"line":39,"column":26},"end":{"line":39,"column":66}},"22":{"start":{"line":41,"column":32},"end":{"line":41,"column":75}},"23":{"start":{"line":41,"column":54},"end":{"line":41,"column":74}},"24":{"start":{"line":42,"column":32},"end":{"line":42,"column":66}},"25":{"start":{"line":44,"column":22},"end":{"line":44,"column":56}},"26":{"start":{"line":44,"column":49},"end":{"line":44,"column":55}},"27":{"start":{"line":45,"column":31},"end":{"line":45,"column":78}},"28":{"start":{"line":45,"column":59},"end":{"line":45,"column":77}},"29":{"start":{"line":48,"column":8},"end":{"line":52,"column":11}},"30":{"start":{"line":54,"column":8},"end":{"line":54,"column":58}},"31":{"start":{"line":54,"column":36},"end":{"line":54,"column":55}},"32":{"start":{"line":55,"column":8},"end":{"line":55,"column":32}},"33":{"start":{"line":56,"column":8},"end":{"line":56,"column":34}},"34":{"start":{"line":59,"column":8},"end":{"line":59,"column":60}},"35":{"start":{"line":60,"column":8},"end":{"line":60,"column":34}},"36":{"start":{"line":61,"column":8},"end":{"line":61,"column":30}},"37":{"start":{"line":67,"column":2},"end":{"line":69,"column":22}},"38":{"start":{"line":68,"column":4},"end":{"line":68,"column":20}},"39":{"start":{"line":72,"column":28},"end":{"line":99,"column":3}},"40":{"start":{"line":73,"column":4},"end":{"line":73,"column":40}},"41":{"start":{"line":73,"column":33},"end":{"line":73,"column":40}},"42":{"start":{"line":75,"column":4},"end":{"line":75,"column":36}},"43":{"start":{"line":76,"column":4},"end":{"line":76,"column":42}},"44":{"start":{"line":77,"column":4},"end":{"line":77,"column":29}},"45":{"start":{"line":80,"column":4},"end":{"line":98,"column":5}},"46":{"start":{"line":81,"column":6},"end":{"line":88,"column":9}},"47":{"start":{"line":90,"column":6},"end":{"line":97,"column":9}},"48":{"start":{"line":101,"column":2},"end":{"line":110,"column":4}}},"fnMap":{"0":{"name":"(anonymous_0)","decl":{"start":{"line":11,"column":30},"end":{"line":11,"column":31}},"loc":{"start":{"line":11,"column":36},"end":{"line":111,"column":1}},"line":11},"1":{"name":"(anonymous_1)","decl":{"start":{"line":20,"column":28},"end":{"line":20,"column":29}},"loc":{"start":{"line":20,"column":34},"end":{"line":26,"column":3}},"line":20},"2":{"name":"(anonymous_2)","decl":{"start":{"line":29,"column":36},"end":{"line":29,"column":37}},"loc":{"start":{"line":29,"column":48},"end":{"line":64,"column":3}},"line":29},"3":{"name":"(anonymous_3)","decl":{"start":{"line":36,"column":15},"end":{"line":36,"column":16}},"loc":{"start":{"line":36,"column":27},"end":{"line":63,"column":5}},"line":36},"4":{"name":"(anonymous_4)","decl":{"start":{"line":41,"column":46},"end":{"line":41,"column":47}},"loc":{"start":{"line":41,"column":54},"end":{"line":41,"column":74}},"line":41},"5":{"name":"(anonymous_5)","decl":{"start":{"line":44,"column":42},"end":{"line":44,"column":43}},"loc":{"start":{"line":44,"column":49},"end":{"line":44,"column":55}},"line":44},"6":{"name":"(anonymous_6)","decl":{"start":{"line":45,"column":52},"end":{"line":45,"column":53}},"loc":{"start":{"line":45,"column":59},"end":{"line":45,"column":77}},"line":45},"7":{"name":"(anonymous_7)","decl":{"start":{"line":54,"column":30},"end":{"line":54,"column":31}},"loc":{"start":{"line":54,"column":36},"end":{"line":54,"column":55}},"line":54},"8":{"name":"(anonymous_8)","decl":{"start":{"line":67,"column":12},"end":{"line":67,"column":13}},"loc":{"start":{"line":67,"column":18},"end":{"line":69,"column":3}},"line":67},"9":{"name":"(anonymous_9)","decl":{"start":{"line":72,"column":28},"end":{"line":72,"column":29}},"loc":{"start":{"line":72,"column":46},"end":{"line":99,"column":3}},"line":72}},"branchMap":{"0":{"loc":{"start":{"line":73,"column":4},"end":{"line":73,"column":40}},"type":"if","locations":[{"start":{"line":73,"column":4},"end":{"line":73,"column":40}},{"start":{},"end":{}}],"line":73},"1":{"loc":{"start":{"line":80,"column":4},"end":{"line":98,"column":5}},"type":"if","locations":[{"start":{"line":80,"column":4},"end":{"line":98,"column":5}},{"start":{"line":89,"column":11},"end":{"line":98,"column":5}}],"line":80}},"s":{"0":0,"1":0,"2":0,"3":0,"4":0,"5":0,"6":0,"7":0,"8":0,"9":0,"10":0,"11":0,"12":0,"13":0,"14":0,"15":0,"16":0,"17":0,"18":0,"19":0,"20":0,"21":0,"22":0,"23":0,"24":0,"25":0,"26":0,"27":0,"28":0,"29":0,"30":0,"31":0,"32":0,"33":0,"34":0,"35":0,"36":0,"37":0,"38":0,"39":0,"40":0,"41":0,"42":0,"43":0,"44":0,"45":0,"46":0,"47":0,"48":0},"f":{"0":0,"1":0,"2":0,"3":0,"4":0,"5":0,"6":0,"7":0,"8":0,"9":0},"b":{"0":[0,0],"1":[0,0]}}
,"C:\\Users\\andra\\Desktop\\Proyectos\\React JS\\pokegame-clone\\src\\features\\PokemonGame\\lib\\formatPokemonName.js": {"path":"C:\\Users\\andra\\Desktop\\Proyectos\\React JS\\pokegame-clone\\src\\features\\PokemonGame\\lib\\formatPokemonName.js","statementMap":{"0":{"start":{"line":3,"column":33},"end":{"line":11,"column":1}},"1":{"start":{"line":4,"column":2},"end":{"line":4,"column":23}},"2":{"start":{"line":4,"column":13},"end":{"line":4,"column":23}},"3":{"start":{"line":5,"column":2},"end":{"line":10,"column":15}},"4":{"start":{"line":8,"column":16},"end":{"line":8,"column":74}}},"fnMap":{"0":{"name":"(anonymous_0)","decl":{"start":{"line":3,"column":33},"end":{"line":3,"column":34}},"loc":{"start":{"line":3,"column":43},"end":{"line":11,"column":1}},"line":3},"1":{"name":"(anonymous_1)","decl":{"start":{"line":8,"column":6},"end":{"line":8,"column":7}},"loc":{"start":{"line":8,"column":16},"end":{"line":8,"column":74}},"line":8}},"branchMap":{"0":{"loc":{"start":{"line":4,"column":2},"end":{"line":4,"column":23}},"type":"if","locations":[{"start":{"line":4,"column":2},"end":{"line":4,"column":23}},{"start":{},"end":{}}],"line":4}},"s":{"0":1,"1":7,"2":3,"3":4,"4":5},"f":{"0":7,"1":5},"b":{"0":[3,4]},"_coverageSchema":"1a1c01bbd47fc00a2c39e90264f33305004495a9","hash":"a69ecf1d274e373ec876571316869b0e0c183569"}
,"C:\\Users\\andra\\Desktop\\Proyectos\\React JS\\pokegame-clone\\src\\lib\\axios.js": {"path":"C:\\Users\\andra\\Desktop\\Proyectos\\React JS\\pokegame-clone\\src\\lib\\axios.js","statementMap":{"0":{"start":{"line":5,"column":23},"end":{"line":7,"column":2}},"1":{"start":{"line":10,"column":0},"end":{"line":46,"column":2}},"2":{"start":{"line":13,"column":4},"end":{"line":13,"column":20}},"3":{"start":{"line":17,"column":4},"end":{"line":17,"column":56}},"4":{"start":{"line":19,"column":22},"end":{"line":19,"column":52}},"5":{"start":{"line":21,"column":4},"end":{"line":33,"column":5}},"6":{"start":{"line":23,"column":21},"end":{"line":23,"column":42}},"7":{"start":{"line":24,"column":6},"end":{"line":29,"column":7}},"8":{"start":{"line":25,"column":8},"end":{"line":25,"column":65}},"9":{"start":{"line":26,"column":13},"end":{"line":29,"column":7}},"10":{"start":{"line":27,"column":8},"end":{"line":28,"column":69}},"11":{"start":{"line":30,"column":11},"end":{"line":33,"column":5}},"12":{"start":{"line":32,"column":6},"end":{"line":32,"column":69}},"13":{"start":{"line":36,"column":4},"end":{"line":41,"column":7}},"14":{"start":{"line":44,"column":4},"end":{"line":44,"column":33}}},"fnMap":{"0":{"name":"(anonymous_0)","decl":{"start":{"line":11,"column":2},"end":{"line":11,"column":3}},"loc":{"start":{"line":11,"column":16},"end":{"line":14,"column":3}},"line":11},"1":{"name":"(anonymous_1)","decl":{"start":{"line":15,"column":2},"end":{"line":15,"column":3}},"loc":{"start":{"line":15,"column":13},"end":{"line":45,"column":3}},"line":15}},"branchMap":{"0":{"loc":{"start":{"line":21,"column":4},"end":{"line":33,"column":5}},"type":"if","locations":[{"start":{"line":21,"column":4},"end":{"line":33,"column":5}},{"start":{"line":30,"column":11},"end":{"line":33,"column":5}}],"line":21},"1":{"loc":{"start":{"line":24,"column":6},"end":{"line":29,"column":7}},"type":"if","locations":[{"start":{"line":24,"column":6},"end":{"line":29,"column":7}},{"start":{"line":26,"column":13},"end":{"line":29,"column":7}}],"line":24},"2":{"loc":{"start":{"line":26,"column":13},"end":{"line":29,"column":7}},"type":"if","locations":[{"start":{"line":26,"column":13},"end":{"line":29,"column":7}},{"start":{},"end":{}}],"line":26},"3":{"loc":{"start":{"line":30,"column":11},"end":{"line":33,"column":5}},"type":"if","locations":[{"start":{"line":30,"column":11},"end":{"line":33,"column":5}},{"start":{},"end":{}}],"line":30}},"s":{"0":0,"1":0,"2":0,"3":0,"4":0,"5":0,"6":0,"7":0,"8":0,"9":0,"10":0,"11":0,"12":0,"13":0,"14":0},"f":{"0":0,"1":0},"b":{"0":[0,0],"1":[0,0],"2":[0,0],"3":[0,0]}}
}
